
Profiling started at Thu Nov 19 13:10:15 2015
Profiling stopped at Thu Nov 19 13:10:15 2015

-- OProfile/operf Statistics --
Nr. non-backtrace samples: 14
Nr. kernel samples: 10
Nr. user space samples: 4
Nr. samples lost due to sample address not in expected range for domain: 0
Nr. lost kernel samples: 0
Nr. samples lost due to sample file open failure: 0
Nr. samples lost due to no permanent mapping: 0
Nr. user context kernel samples lost due to no app info available: 0
Nr. user samples lost due to no app info available: 0
Nr. backtraces skipped due to no file mapping: 0
Nr. hypervisor samples dropped due to address out-of-range: 0
Nr. samples lost reported by perf_events kernel: 0

Profiling started at Thu Nov 19 13:10:21 2015
Profiling stopped at Thu Nov 19 13:10:22 2015

-- OProfile/operf Statistics --
Nr. non-backtrace samples: 16
Nr. kernel samples: 11
Nr. user space samples: 5
Nr. samples lost due to sample address not in expected range for domain: 0
Nr. lost kernel samples: 0
Nr. samples lost due to sample file open failure: 0
Nr. samples lost due to no permanent mapping: 0
Nr. user context kernel samples lost due to no app info available: 0
Nr. user samples lost due to no app info available: 0
Nr. backtraces skipped due to no file mapping: 0
Nr. hypervisor samples dropped due to address out-of-range: 0
Nr. samples lost reported by perf_events kernel: 0

Profiling started at Thu Nov 19 13:11:49 2015
Profiling stopped at Thu Nov 19 13:11:49 2015

-- OProfile/operf Statistics --
Nr. non-backtrace samples: 16
Nr. kernel samples: 14
Nr. user space samples: 2
Nr. samples lost due to sample address not in expected range for domain: 0
Nr. lost kernel samples: 0
Nr. samples lost due to sample file open failure: 0
Nr. samples lost due to no permanent mapping: 0
Nr. user context kernel samples lost due to no app info available: 0
Nr. user samples lost due to no app info available: 0
Nr. backtraces skipped due to no file mapping: 0
Nr. hypervisor samples dropped due to address out-of-range: 0
Nr. samples lost reported by perf_events kernel: 0

Profiling started at Thu Nov 19 13:13:05 2015
Profiling stopped at Thu Nov 19 13:13:05 2015

-- OProfile/operf Statistics --
Nr. non-backtrace samples: 1125
Nr. kernel samples: 878
Nr. user space samples: 247
Nr. samples lost due to sample address not in expected range for domain: 0
Nr. lost kernel samples: 0
Nr. samples lost due to sample file open failure: 0
Nr. samples lost due to no permanent mapping: 0
Nr. user context kernel samples lost due to no app info available: 0
Nr. user samples lost due to no app info available: 0
Nr. backtraces skipped due to no file mapping: 0
Nr. hypervisor samples dropped due to address out-of-range: 0
Nr. samples lost reported by perf_events kernel: 0

Profiling started at Thu Nov 19 13:18:42 2015
Profiling stopped at Thu Nov 19 13:18:42 2015

-- OProfile/operf Statistics --
Nr. non-backtrace samples: 182
Nr. kernel samples: 111
Nr. user space samples: 71
Nr. samples lost due to sample address not in expected range for domain: 0
Nr. lost kernel samples: 0
Nr. samples lost due to sample file open failure: 0
Nr. samples lost due to no permanent mapping: 0
Nr. user context kernel samples lost due to no app info available: 0
Nr. user samples lost due to no app info available: 0
Nr. backtraces skipped due to no file mapping: 0
Nr. hypervisor samples dropped due to address out-of-range: 0
Nr. samples lost reported by perf_events kernel: 0

Profiling started at Thu Nov 19 13:22:39 2015
Profiling stopped at Thu Nov 19 13:22:39 2015

-- OProfile/operf Statistics --
Nr. non-backtrace samples: 146
Nr. kernel samples: 109
Nr. user space samples: 37
Nr. samples lost due to sample address not in expected range for domain: 0
Nr. lost kernel samples: 0
Nr. samples lost due to sample file open failure: 0
Nr. samples lost due to no permanent mapping: 0
Nr. user context kernel samples lost due to no app info available: 0
Nr. user samples lost due to no app info available: 0
Nr. backtraces skipped due to no file mapping: 0
Nr. hypervisor samples dropped due to address out-of-range: 0
Nr. samples lost reported by perf_events kernel: 0

Profiling started at Thu Nov 19 13:23:20 2015
Profiling stopped at Thu Nov 19 13:23:20 2015

-- OProfile/operf Statistics --
Nr. non-backtrace samples: 18
Nr. kernel samples: 13
Nr. user space samples: 5
Nr. samples lost due to sample address not in expected range for domain: 0
Nr. lost kernel samples: 0
Nr. samples lost due to sample file open failure: 0
Nr. samples lost due to no permanent mapping: 0
Nr. user context kernel samples lost due to no app info available: 0
Nr. user samples lost due to no app info available: 0
Nr. backtraces skipped due to no file mapping: 0
Nr. hypervisor samples dropped due to address out-of-range: 0
Nr. samples lost reported by perf_events kernel: 0

Profiling started at Thu Nov 19 13:23:48 2015
Profiling stopped at Thu Nov 19 13:23:48 2015

-- OProfile/operf Statistics --
Nr. non-backtrace samples: 77
Nr. kernel samples: 17
Nr. user space samples: 60
Nr. samples lost due to sample address not in expected range for domain: 0
Nr. lost kernel samples: 0
Nr. samples lost due to sample file open failure: 0
Nr. samples lost due to no permanent mapping: 0
Nr. user context kernel samples lost due to no app info available: 0
Nr. user samples lost due to no app info available: 0
Nr. backtraces skipped due to no file mapping: 0
Nr. hypervisor samples dropped due to address out-of-range: 0
Nr. samples lost reported by perf_events kernel: 0

Profiling started at Thu Nov 19 13:24:03 2015
Profiling stopped at Thu Nov 19 13:24:03 2015

-- OProfile/operf Statistics --
Nr. non-backtrace samples: 20
Nr. kernel samples: 12
Nr. user space samples: 8
Nr. samples lost due to sample address not in expected range for domain: 0
Nr. lost kernel samples: 0
Nr. samples lost due to sample file open failure: 0
Nr. samples lost due to no permanent mapping: 0
Nr. user context kernel samples lost due to no app info available: 0
Nr. user samples lost due to no app info available: 0
Nr. backtraces skipped due to no file mapping: 0
Nr. hypervisor samples dropped due to address out-of-range: 0
Nr. samples lost reported by perf_events kernel: 0

Profiling started at Thu Nov 19 13:24:38 2015
Profiling stopped at Thu Nov 19 13:24:38 2015

-- OProfile/operf Statistics --
Nr. non-backtrace samples: 51
Nr. kernel samples: 16
Nr. user space samples: 35
Nr. samples lost due to sample address not in expected range for domain: 0
Nr. lost kernel samples: 0
Nr. samples lost due to sample file open failure: 0
Nr. samples lost due to no permanent mapping: 0
Nr. user context kernel samples lost due to no app info available: 0
Nr. user samples lost due to no app info available: 0
Nr. backtraces skipped due to no file mapping: 0
Nr. hypervisor samples dropped due to address out-of-range: 0
Nr. samples lost reported by perf_events kernel: 0

Profiling started at Thu Nov 19 13:29:49 2015
Profiling stopped at Thu Nov 19 13:29:49 2015

-- OProfile/operf Statistics --
Nr. non-backtrace samples: 17
Nr. kernel samples: 9
Nr. user space samples: 8
Nr. samples lost due to sample address not in expected range for domain: 0
Nr. lost kernel samples: 0
Nr. samples lost due to sample file open failure: 0
Nr. samples lost due to no permanent mapping: 0
Nr. user context kernel samples lost due to no app info available: 0
Nr. user samples lost due to no app info available: 0
Nr. backtraces skipped due to no file mapping: 0
Nr. hypervisor samples dropped due to address out-of-range: 0
Nr. samples lost reported by perf_events kernel: 0

Profiling started at Thu Nov 19 13:39:36 2015
Profiling stopped at Thu Nov 19 13:39:37 2015

-- OProfile/operf Statistics --
Nr. non-backtrace samples: 44
Nr. kernel samples: 13
Nr. user space samples: 31
Nr. samples lost due to sample address not in expected range for domain: 0
Nr. lost kernel samples: 0
Nr. samples lost due to sample file open failure: 0
Nr. samples lost due to no permanent mapping: 0
Nr. user context kernel samples lost due to no app info available: 0
Nr. user samples lost due to no app info available: 0
Nr. backtraces skipped due to no file mapping: 0
Nr. hypervisor samples dropped due to address out-of-range: 0
Nr. samples lost reported by perf_events kernel: 0
